
Insertion Starting Date And time is: 2021-03-16 07:42:53am
========================== Duplicate UserID 
========================== checking email duplicate and status Active 
========================== check whether pos user or mobile & web user 
========================== check for this 
========================== passwords for this 
User created Insertion End Date And time is: 2021-03-16 07:42:54am


Insertion Starting Date And time is: 2021-03-16 02:54:34pm
========================== Duplicate UserID 
========================== check whether pos user or mobile & web user 
User created Insertion End Date And time is: 2021-03-16 02:54:34pm


Insertion Starting Date And time is: 2021-03-18 06:30:36am
========================== checking email duplicate and status Active 
========================== check whether pos user or mobile & web user 
========================== check for this 
========================== passwords for this 
User created Insertion End Date And time is: 2021-03-18 06:30:37am


Insertion Starting Date And time is: 2021-03-18 07:57:09am
========================== Duplicate UserID 
========================== check whether pos user or mobile & web user 
User created Insertion End Date And time is: 2021-03-18 07:57:09am


Insertion Starting Date And time is: 2021-03-18 08:07:34am
========================== Duplicate UserID 
========================== check whether pos user or mobile & web user 
User created Insertion End Date And time is: 2021-03-18 08:07:34am


Insertion Starting Date And time is: 2021-03-20 09:05:43pm
========================== Duplicate UserID 
========================== checking email duplicate and status Active 
========================== check whether pos user or mobile & web user 
========================== check for this 
========================== passwords for this 
User created Insertion End Date And time is: 2021-03-20 09:05:43pm


Insertion Starting Date And time is: 2021-03-21 10:34:28am
========================== Duplicate UserID 
========================== check whether pos user or mobile & web user 
User created Insertion End Date And time is: 2021-03-21 10:34:28am


Insertion Starting Date And time is: 2021-03-21 10:43:26am
========================== Duplicate UserID 
========================== check whether pos user or mobile & web user 
User created Insertion End Date And time is: 2021-03-21 10:43:26am


Insertion Starting Date And time is: 2021-03-22 06:51:04am
========================== checking email duplicate and status Active 
========================== check whether pos user or mobile & web user 
========================== check for this 
========================== passwords for this 
User created Insertion End Date And time is: 2021-03-22 06:51:04am


Insertion Starting Date And time is: 2021-03-24 03:48:10pm
========================== Duplicate UserID 
========================== check whether pos user or mobile & web user 
User created Insertion End Date And time is: 2021-03-24 03:48:10pm


Insertion Starting Date And time is: 2021-03-24 06:50:42pm
========================== Duplicate UserID 
========================== POS user id is already exist 

Insertion Starting Date And time is: 2021-03-25 07:19:03am
========================== checking email duplicate and status Active 
========================== check whether pos user or mobile & web user 
========================== check for this 
========================== passwords for this 
User created Insertion End Date And time is: 2021-03-25 07:19:03am


Insertion Starting Date And time is: 2021-03-25 07:25:56am
========================== Duplicate UserID 
========================== checking email duplicate and status Active 
========================== POS user id is already exist 

Insertion Starting Date And time is: 2021-03-25 07:26:33am
========================== Duplicate UserID 
========================== checking email duplicate and status Active 
========================== check whether pos user or mobile & web user 
========================== check for this 
========================== passwords for this 
User created Insertion End Date And time is: 2021-03-25 07:26:34am


Insertion Starting Date And time is: 2021-03-25 07:54:46am
========================== Duplicate UserID 
========================== checking email duplicate and status Active 
========================== check whether pos user or mobile & web user 
========================== check for this 
========================== passwords for this 
User created Insertion End Date And time is: 2021-03-25 07:54:47am


Insertion Starting Date And time is: 2021-03-25 08:01:28am
========================== checking email duplicate and status Active 
========================== check whether pos user or mobile & web user 
========================== check for this 
========================== passwords for this 
User created Insertion End Date And time is: 2021-03-25 08:01:28am


Insertion Starting Date And time is: 2021-03-25 08:07:06am
========================== checking email duplicate and status Active 
========================== check whether pos user or mobile & web user 
========================== check for this 
========================== passwords for this 
User created Insertion End Date And time is: 2021-03-25 08:07:06am


Insertion Starting Date And time is: 2021-03-25 08:27:50am
========================== Duplicate UserID 
========================== checking email duplicate and status Active 
========================== check whether pos user or mobile & web user 
========================== check for this 
========================== passwords for this 
User created Insertion End Date And time is: 2021-03-25 08:27:51am


Insertion Starting Date And time is: 2021-03-25 09:37:00pm
========================== Duplicate UserID 
========================== check whether pos user or mobile & web user 
User created Insertion End Date And time is: 2021-03-25 09:37:00pm


Insertion Starting Date And time is: 2021-03-25 09:41:44pm
========================== Duplicate UserID 
========================== check whether pos user or mobile & web user 
User created Insertion End Date And time is: 2021-03-25 09:41:44pm


Insertion Starting Date And time is: 2021-03-25 09:44:05pm
========================== Duplicate UserID 
========================== check whether pos user or mobile & web user 
User created Insertion End Date And time is: 2021-03-25 09:44:05pm


Insertion Starting Date And time is: 2021-03-28 02:02:12pm
========================== checking email duplicate and status Active 
========================== check whether pos user or mobile & web user 
========================== check for this 
========================== passwords for this 
User created Insertion End Date And time is: 2021-03-28 02:02:12pm


Insertion Starting Date And time is: 2021-03-30 10:51:37am
========================== Duplicate UserID 
========================== checking email duplicate and status Active 
========================== User email already exists 

Insertion Starting Date And time is: 2021-03-30 10:58:53am
========================== Duplicate UserID 
========================== checking email duplicate and status Active 
========================== check whether pos user or mobile & web user 
========================== check for this 
========================== passwords for this 
User created Insertion End Date And time is: 2021-03-30 10:58:53am


Insertion Starting Date And time is: 2021-03-31 12:42:38pm
========================== Duplicate UserID 
========================== check whether pos user or mobile & web user 
User created Insertion End Date And time is: 2021-03-31 12:42:39pm


Insertion Starting Date And time is: 2021-03-31 12:57:43pm
========================== Duplicate UserID 
========================== checking email duplicate and status Active 
========================== check whether pos user or mobile & web user 
========================== check for this 
========================== passwords for this 
User created Insertion End Date And time is: 2021-03-31 12:57:44pm


Insertion Starting Date And time is: 2021-03-31 01:01:53pm
========================== Duplicate UserID 
========================== checking email duplicate and status Active 
========================== User email already exists 

Insertion Starting Date And time is: 2021-03-31 01:02:09pm
========================== Duplicate UserID 
========================== checking email duplicate and status Active 
========================== User email already exists 

Insertion Starting Date And time is: 2021-03-31 01:03:05pm
========================== Duplicate UserID 
========================== checking email duplicate and status Active 
========================== check whether pos user or mobile & web user 
========================== check for this 
========================== passwords for this 
User created Insertion End Date And time is: 2021-03-31 01:03:05pm


Insertion Starting Date And time is: 2021-04-01 11:19:14am
========================== Duplicate UserID 
========================== checking email duplicate and status Active 
========================== check whether pos user or mobile & web user 
========================== check for this 
========================== passwords for this 
User created Insertion End Date And time is: 2021-04-01 11:19:14am


Insertion Starting Date And time is: 2021-04-01 11:41:29am
========================== Duplicate UserID 
========================== checking email duplicate and status Active 
========================== check whether pos user or mobile & web user 
========================== check for this 
========================== passwords for this 
User created Insertion End Date And time is: 2021-04-01 11:41:29am


Insertion Starting Date And time is: 2021-04-01 12:38:46pm
========================== Duplicate UserID 
========================== checking email duplicate and status Active 
========================== POS user id is already exist 

Insertion Starting Date And time is: 2021-04-02 03:14:34am
========================== checking email duplicate and status Active 
========================== check whether pos user or mobile & web user 
========================== check for this 
========================== passwords for this 
User created Insertion End Date And time is: 2021-04-02 03:14:34am


Insertion Starting Date And time is: 2021-04-02 03:18:43am
========================== Duplicate UserID 
========================== checking email duplicate and status Active 
========================== User email already exists 

Insertion Starting Date And time is: 2021-04-02 03:18:50am
========================== Duplicate UserID 
========================== checking email duplicate and status Active 
========================== check whether pos user or mobile & web user 
========================== check for this 
========================== passwords for this 
User created Insertion End Date And time is: 2021-04-02 03:18:50am


Insertion Starting Date And time is: 2021-04-02 03:25:46am
========================== Duplicate UserID 
========================== checking email duplicate and status Active 
========================== check whether pos user or mobile & web user 
========================== check for this 
========================== passwords for this 
User created Insertion End Date And time is: 2021-04-02 03:25:46am


Insertion Starting Date And time is: 2021-04-02 03:29:31am
========================== Duplicate UserID 
========================== checking email duplicate and status Active 
========================== check whether pos user or mobile & web user 
========================== check for this 
========================== passwords for this 
User created Insertion End Date And time is: 2021-04-02 03:29:32am


Insertion Starting Date And time is: 2021-04-02 03:31:09am
========================== checking email duplicate and status Active 
========================== User email already exists 

Insertion Starting Date And time is: 2021-04-02 03:31:16am
========================== checking email duplicate and status Active 
========================== check whether pos user or mobile & web user 
========================== check for this 
========================== passwords for this 
User created Insertion End Date And time is: 2021-04-02 03:31:16am


Insertion Starting Date And time is: 2021-04-02 03:51:31am
========================== checking email duplicate and status Active 
========================== check whether pos user or mobile & web user 
========================== check for this 
========================== passwords for this 
User created Insertion End Date And time is: 2021-04-02 03:51:31am


Insertion Starting Date And time is: 2021-04-02 03:58:15am
========================== Duplicate UserID 
========================== checking email duplicate and status Active 
========================== check whether pos user or mobile & web user 
========================== check for this 
========================== passwords for this 
User created Insertion End Date And time is: 2021-04-02 03:58:15am


Insertion Starting Date And time is: 2021-04-02 04:03:43am
========================== Duplicate UserID 
========================== checking email duplicate and status Active 
========================== check whether pos user or mobile & web user 
========================== check for this 
========================== passwords for this 
User created Insertion End Date And time is: 2021-04-02 04:03:43am


Insertion Starting Date And time is: 2021-04-02 04:08:06am
========================== Duplicate UserID 
========================== checking email duplicate and status Active 
========================== User email already exists 

Insertion Starting Date And time is: 2021-04-02 05:59:55am
========================== checking email duplicate and status Active 
========================== check whether pos user or mobile & web user 
========================== check for this 
========================== passwords for this 
User created Insertion End Date And time is: 2021-04-02 05:59:55am


Insertion Starting Date And time is: 2021-04-02 06:04:23am
========================== Duplicate UserID 
========================== check whether pos user or mobile & web user 
User created Insertion End Date And time is: 2021-04-02 06:04:23am


Insertion Starting Date And time is: 2021-04-02 07:25:38am
========================== Duplicate UserID 
========================== checking email duplicate and status Active 
========================== User email already exists 

Insertion Starting Date And time is: 2021-04-02 07:26:07am
========================== Duplicate UserID 
========================== checking email duplicate and status Active 
========================== check whether pos user or mobile & web user 
========================== check for this 
========================== passwords for this 
User created Insertion End Date And time is: 2021-04-02 07:26:07am


Insertion Starting Date And time is: 2021-04-02 10:42:47am
========================== Duplicate UserID 
========================== checking email duplicate and status Active 
========================== POS user id is already exist 

Insertion Starting Date And time is: 2021-04-02 10:42:57am
========================== Duplicate UserID 
========================== checking email duplicate and status Active 
========================== POS user id is already exist 

Insertion Starting Date And time is: 2021-04-02 10:43:08am
========================== Duplicate UserID 
========================== checking email duplicate and status Active 
========================== check whether pos user or mobile & web user 
========================== check for this 
========================== passwords for this 
User created Insertion End Date And time is: 2021-04-02 10:43:09am


Insertion Starting Date And time is: 2021-04-02 10:50:39am
========================== Duplicate UserID 
========================== checking email duplicate and status Active 
========================== POS user id is already exist 

Insertion Starting Date And time is: 2021-04-02 10:50:51am
========================== Duplicate UserID 
========================== checking email duplicate and status Active 
========================== User email already exists 

Insertion Starting Date And time is: 2021-04-02 10:50:59am
========================== Duplicate UserID 
========================== checking email duplicate and status Active 
========================== check whether pos user or mobile & web user 
========================== check for this 
========================== passwords for this 
User created Insertion End Date And time is: 2021-04-02 10:50:59am


Insertion Starting Date And time is: 2021-04-02 12:33:58pm
========================== checking email duplicate and status Active 
========================== User email already exists 

Insertion Starting Date And time is: 2021-04-02 12:34:17pm
========================== checking email duplicate and status Active 
========================== User email already exists 

Insertion Starting Date And time is: 2021-04-02 12:35:39pm
========================== checking email duplicate and status Active 
========================== User email already exists 

Insertion Starting Date And time is: 2021-04-02 12:36:31pm
========================== checking email duplicate and status Active 
========================== User email already exists 

Insertion Starting Date And time is: 2021-04-02 12:37:17pm
========================== checking email duplicate and status Active 
========================== User email already exists 

Insertion Starting Date And time is: 2021-04-03 10:54:34am
========================== Duplicate UserID 
========================== checking email duplicate and status Active 
========================== check whether pos user or mobile & web user 
========================== check for this 
========================== passwords for this 
User created Insertion End Date And time is: 2021-04-03 10:54:34am


Insertion Starting Date And time is: 2021-04-05 05:44:11am
========================== Duplicate UserID 
========================== checking email duplicate and status Active 
========================== POS user id is already exist 

Insertion Starting Date And time is: 2021-04-05 05:44:46am
========================== Duplicate UserID 
========================== checking email duplicate and status Active 
========================== POS user id is already exist 

Insertion Starting Date And time is: 2021-04-05 05:45:13am
========================== Duplicate UserID 
========================== checking email duplicate and status Active 
========================== POS user id is already exist 

Insertion Starting Date And time is: 2021-04-05 05:49:32am
========================== Duplicate UserID 
========================== checking email duplicate and status Active 
========================== User email already exists 

Insertion Starting Date And time is: 2021-04-05 05:49:48am
========================== Duplicate UserID 
========================== checking email duplicate and status Active 
========================== check whether pos user or mobile & web user 
========================== check for this 
========================== passwords for this 
User created Insertion End Date And time is: 2021-04-05 05:49:49am


Insertion Starting Date And time is: 2021-04-05 06:17:07am
========================== Duplicate UserID 
========================== checking email duplicate and status Active 
========================== check whether pos user or mobile & web user 
========================== check for this 
========================== passwords for this 
User created Insertion End Date And time is: 2021-04-05 06:17:07am


Insertion Starting Date And time is: 2021-04-05 06:21:03am
========================== checking email duplicate and status Active 
========================== check whether pos user or mobile & web user 
========================== check for this 
========================== passwords for this 
User created Insertion End Date And time is: 2021-04-05 06:21:04am


Insertion Starting Date And time is: 2021-04-05 06:22:48am
========================== Duplicate UserID 
========================== checking email duplicate and status Active 
========================== User email already exists 

Insertion Starting Date And time is: 2021-04-05 06:23:13am
========================== Duplicate UserID 
========================== checking email duplicate and status Active 
========================== check whether pos user or mobile & web user 
========================== check for this 
========================== passwords for this 
User created Insertion End Date And time is: 2021-04-05 06:23:14am


Insertion Starting Date And time is: 2021-04-05 12:48:58pm
========================== Duplicate UserID 
========================== check whether pos user or mobile & web user 
User created Insertion End Date And time is: 2021-04-05 12:48:58pm


Insertion Starting Date And time is: 2021-04-05 02:07:10pm
========================== Duplicate UserID 
========================== check whether pos user or mobile & web user 
User created Insertion End Date And time is: 2021-04-05 02:07:10pm


Insertion Starting Date And time is: 2021-04-06 12:52:22pm
========================== Duplicate UserID 
========================== checking email duplicate and status Active 
========================== User email already exists 

Insertion Starting Date And time is: 2021-04-06 12:54:25pm
========================== Duplicate UserID 
========================== checking email duplicate and status Active 
========================== check whether pos user or mobile & web user 
========================== check for this 
========================== passwords for this 
User created Insertion End Date And time is: 2021-04-06 12:54:26pm


Insertion Starting Date And time is: 2021-04-06 12:57:54pm
========================== Duplicate UserID 
========================== check whether pos user or mobile & web user 
User created Insertion End Date And time is: 2021-04-06 12:57:54pm


Insertion Starting Date And time is: 2021-04-06 02:41:53pm
========================== Duplicate UserID 
========================== check whether pos user or mobile & web user 
User created Insertion End Date And time is: 2021-04-06 02:41:53pm


Insertion Starting Date And time is: 2021-04-07 10:44:02am
========================== Duplicate UserID 
========================== check whether pos user or mobile & web user 
User created Insertion End Date And time is: 2021-04-07 10:44:03am


Insertion Starting Date And time is: 2021-04-13 11:21:33am
========================== Duplicate UserID 
========================== check whether pos user or mobile & web user 
User created Insertion End Date And time is: 2021-04-13 11:21:33am


Insertion Starting Date And time is: 2021-04-13 01:28:18pm
========================== Duplicate UserID 
========================== checking email duplicate and status Active 
========================== check whether pos user or mobile & web user 
========================== check for this 
========================== passwords for this 
User created Insertion End Date And time is: 2021-04-13 01:28:18pm


Insertion Starting Date And time is: 2021-04-13 03:13:37pm
========================== Duplicate UserID 
========================== checking email duplicate and status Active 
========================== check whether pos user or mobile & web user 
========================== check for this 
========================== passwords for this 
User created Insertion End Date And time is: 2021-04-13 03:13:37pm


Insertion Starting Date And time is: 2021-04-14 02:04:31am
========================== Duplicate UserID 
========================== check whether pos user or mobile & web user 
User created Insertion End Date And time is: 2021-04-14 02:04:31am


Insertion Starting Date And time is: 2021-04-19 11:09:36am
========================== Duplicate UserID 
========================== checking email duplicate and status Active 
========================== check whether pos user or mobile & web user 
========================== check for this 
========================== passwords for this 
User created Insertion End Date And time is: 2021-04-19 11:09:37am


Insertion Starting Date And time is: 2021-04-20 08:53:41am
========================== checking email duplicate and status Active 
========================== check whether pos user or mobile & web user 
========================== check for this 
========================== passwords for this 
User created Insertion End Date And time is: 2021-04-20 08:53:42am


Insertion Starting Date And time is: 2021-04-20 08:56:33am
========================== checking email duplicate and status Active 
========================== User email already exists 

Insertion Starting Date And time is: 2021-04-20 08:58:41am
========================== Duplicate UserID 
========================== checking email duplicate and status Active 
========================== User email already exists 

Insertion Starting Date And time is: 2021-04-20 09:07:43am
========================== checking email duplicate and status Active 
========================== User email already exists 

Insertion Starting Date And time is: 2021-04-20 09:08:17am
========================== checking email duplicate and status Active 
========================== check whether pos user or mobile & web user 
========================== check for this 
========================== passwords for this 
User created Insertion End Date And time is: 2021-04-20 09:08:17am


Insertion Starting Date And time is: 2021-04-20 09:08:20am
========================== checking email duplicate and status Active 
========================== check whether pos user or mobile & web user 
========================== check for this 
========================== passwords for this 
User created Insertion End Date And time is: 2021-04-20 09:08:21am


Insertion Starting Date And time is: 2021-04-20 12:08:29pm
========================== Duplicate UserID 
========================== check whether pos user or mobile & web user 
========================== not check whether pos user or mobile & web user 
User created Insertion End Date And time is: 2021-04-20 12:08:30pm


Insertion Starting Date And time is: 2021-04-21 07:07:49am
========================== checking email duplicate and status Active 
========================== check whether pos user or mobile & web user 
========================== check for this 
========================== passwords for this 
User created Insertion End Date And time is: 2021-04-21 07:07:50am


Insertion Starting Date And time is: 2021-04-21 09:40:54am
========================== Duplicate UserID 
========================== check whether pos user or mobile & web user 
User created Insertion End Date And time is: 2021-04-21 09:40:55am


Insertion Starting Date And time is: 2021-04-21 03:16:39pm
========================== Duplicate UserID 
========================== check whether pos user or mobile & web user 
User created Insertion End Date And time is: 2021-04-21 03:16:40pm


Insertion Starting Date And time is: 2021-04-22 08:52:48am
========================== Duplicate UserID 
========================== POS user id is already exist 

Insertion Starting Date And time is: 2021-04-22 08:53:10am
========================== Duplicate UserID 
========================== check whether pos user or mobile & web user 
User created Insertion End Date And time is: 2021-04-22 08:53:10am


Insertion Starting Date And time is: 2021-04-22 09:14:57am
========================== Duplicate UserID 
========================== POS user id is already exist 

Insertion Starting Date And time is: 2021-04-22 09:15:13am
========================== Duplicate UserID 
========================== check whether pos user or mobile & web user 
User created Insertion End Date And time is: 2021-04-22 09:15:13am


Insertion Starting Date And time is: 2021-04-22 09:27:57am
========================== Duplicate UserID 
========================== check whether pos user or mobile & web user 
User created Insertion End Date And time is: 2021-04-22 09:27:57am


Insertion Starting Date And time is: 2021-04-23 03:46:13pm
========================== checking email duplicate and status Active 
========================== User email already exists 

Insertion Starting Date And time is: 2021-04-26 06:52:26am
========================== Duplicate UserID 
========================== checking email duplicate and status Active 
========================== check whether pos user or mobile & web user 
========================== check for this 
========================== passwords for this 
User created Insertion End Date And time is: 2021-04-26 06:52:26am


Insertion Starting Date And time is: 2021-04-26 12:04:53pm
========================== checking email duplicate and status Active 
========================== check whether pos user or mobile & web user 
========================== check for this 
========================== passwords for this 
User created Insertion End Date And time is: 2021-04-26 12:04:53pm


Insertion Starting Date And time is: 2021-04-26 12:37:50pm
========================== Duplicate UserID 
========================== check whether pos user or mobile & web user 
User created Insertion End Date And time is: 2021-04-26 12:37:50pm


Insertion Starting Date And time is: 2021-04-26 07:11:44pm
========================== Duplicate UserID 
========================== check whether pos user or mobile & web user 
User created Insertion End Date And time is: 2021-04-26 07:11:44pm


Insertion Starting Date And time is: 2021-04-29 07:51:57am
========================== Duplicate UserID 
========================== checking email duplicate and status Active 
========================== POS user id is already exist 

Insertion Starting Date And time is: 2021-04-29 07:52:16am
========================== Duplicate UserID 
========================== checking email duplicate and status Active 
========================== check whether pos user or mobile & web user 
========================== check for this 
========================== passwords for this 
User created Insertion End Date And time is: 2021-04-29 07:52:17am


Insertion Starting Date And time is: 2021-06-21 06:36:19am
========================== Duplicate UserID 
========================== check whether pos user or mobile & web user 
User created Insertion End Date And time is: 2021-06-21 06:36:19am


Insertion Starting Date And time is: 2021-06-21 08:47:11am
========================== checking email duplicate and status Active 
========================== check whether pos user or mobile & web user 
========================== check for this 
========================== passwords for this 
User created Insertion End Date And time is: 2021-06-21 08:47:12am


Insertion Starting Date And time is: 2021-06-21 10:47:41am
========================== checking email duplicate and status Active 
========================== check whether pos user or mobile & web user 
========================== check for this 
========================== passwords for this 
User created Insertion End Date And time is: 2021-06-21 10:47:42am


Insertion Starting Date And time is: 2021-06-21 11:05:47am
========================== checking email duplicate and status Active 
========================== check whether pos user or mobile & web user 
========================== check for this 
========================== passwords for this 
User created Insertion End Date And time is: 2021-06-21 11:05:47am


Insertion Starting Date And time is: 2021-06-21 11:06:39am
========================== checking email duplicate and status Active 
========================== check whether pos user or mobile & web user 
========================== check for this 
========================== passwords for this 
User created Insertion End Date And time is: 2021-06-21 11:06:40am


Insertion Starting Date And time is: 2021-06-21 12:06:38pm
========================== check whether pos user or mobile & web user 
========================== check for this 
========================== passwords for this 
User created Insertion End Date And time is: 2021-06-21 12:06:38pm

