
Insertion Starting Date And time is: 2021-05-06 03:00:01am
========================== Userpemissionloaded 
Insertion End Date And time is: 2021-05-06 03:00:01am


Insertion Starting Date And time is: 2021-05-06 08:08:48am
========================== Userpemissionloaded 
Insertion End Date And time is: 2021-05-06 08:08:49am


Insertion Starting Date And time is: 2021-05-06 08:49:47am
========================== Userpemissionloaded 
Insertion End Date And time is: 2021-05-06 08:49:47am


Insertion Starting Date And time is: 2021-05-06 08:50:44am
========================== Userpemissionloaded 
Insertion End Date And time is: 2021-05-06 08:50:44am


Insertion Starting Date And time is: 2021-05-06 08:51:53am
========================== Userpemissionloaded 
Insertion End Date And time is: 2021-05-06 08:51:53am


Insertion Starting Date And time is: 2021-05-06 08:53:59am
========================== Userpemissionloaded 
Insertion End Date And time is: 2021-05-06 08:53:59am


Insertion Starting Date And time is: 2021-05-06 08:54:41am
========================== Userpemissionloaded 
Insertion End Date And time is: 2021-05-06 08:54:41am


Insertion Starting Date And time is: 2021-05-06 08:57:48am
========================== Userpemissionloaded 
Insertion End Date And time is: 2021-05-06 08:57:48am


Insertion Starting Date And time is: 2021-05-06 08:59:24am
========================== Userpemissionloaded 
Insertion End Date And time is: 2021-05-06 08:59:24am


Insertion Starting Date And time is: 2021-05-06 09:03:07am
========================== Userpemissionloaded 
Insertion End Date And time is: 2021-05-06 09:03:07am


Insertion Starting Date And time is: 2021-05-06 09:03:50am
========================== Userpemissionloaded 
Insertion End Date And time is: 2021-05-06 09:03:50am


Insertion Starting Date And time is: 2021-05-06 09:09:35am
========================== Userpemissionloaded 
Insertion End Date And time is: 2021-05-06 09:09:35am


Insertion Starting Date And time is: 2021-05-06 09:28:02am
========================== Userpemissionloaded 
Insertion End Date And time is: 2021-05-06 09:28:02am


Insertion Starting Date And time is: 2021-05-07 11:43:49am
========================== Userpemissionloaded 
Insertion End Date And time is: 2021-05-07 11:43:49am


Insertion Starting Date And time is: 2021-05-07 11:44:09am
========================== Userpemissionloaded 
Insertion End Date And time is: 2021-05-07 11:44:09am


Insertion Starting Date And time is: 2021-05-07 12:21:58pm
========================== Userpemissionloaded 
Insertion End Date And time is: 2021-05-07 12:21:58pm


Insertion Starting Date And time is: 2021-05-07 12:22:31pm
========================== Userpemissionloaded 
Insertion End Date And time is: 2021-05-07 12:22:31pm


Insertion Starting Date And time is: 2021-05-10 08:08:06am
========================== Userpemissionloaded 
Insertion End Date And time is: 2021-05-10 08:08:06am


Insertion Starting Date And time is: 2021-05-10 08:08:31am
========================== Userpemissionloaded 
Insertion End Date And time is: 2021-05-10 08:08:31am


Insertion Starting Date And time is: 2021-05-10 08:12:07am
========================== Userpemissionloaded 
Insertion End Date And time is: 2021-05-10 08:12:07am


Insertion Starting Date And time is: 2021-05-10 09:48:54am
========================== Userpemissionloaded 
Insertion End Date And time is: 2021-05-10 09:48:54am


Insertion Starting Date And time is: 2021-05-10 10:23:32am
========================== Userpemissionloaded 
Insertion End Date And time is: 2021-05-10 10:23:32am


Insertion Starting Date And time is: 2021-05-10 10:24:17am
========================== Userpemissionloaded 
Insertion End Date And time is: 2021-05-10 10:24:17am


Insertion Starting Date And time is: 2021-05-06 08:55:41am
========================== Userpemissionloaded 
Insertion End Date And time is: 2021-05-06 08:55:44am


Insertion Starting Date And time is: 2021-05-06 09:01:31am
========================== Userpemissionloaded 
Insertion End Date And time is: 2021-05-06 09:01:32am


Insertion Starting Date And time is: 2021-05-11 09:50:02am
========================== Userpemissionloaded 
Insertion End Date And time is: 2021-05-11 09:50:02am


Insertion Starting Date And time is: 2021-05-11 09:50:19am
========================== Userpemissionloaded 
Insertion End Date And time is: 2021-05-11 09:50:19am


Insertion Starting Date And time is: 2021-05-11 12:30:01pm
========================== Userpemissionloaded 
Insertion End Date And time is: 2021-05-11 12:30:01pm


Insertion Starting Date And time is: 2021-05-11 02:01:23pm
========================== Userpemissionloaded 
Insertion End Date And time is: 2021-05-11 02:01:23pm


Insertion Starting Date And time is: 2021-05-12 08:36:41am
========================== Userpemissionloaded 
Insertion End Date And time is: 2021-05-12 08:36:41am


Insertion Starting Date And time is: 2021-05-12 03:33:48pm
========================== Userpemissionloaded 
Insertion End Date And time is: 2021-05-12 03:33:48pm


Insertion Starting Date And time is: 2021-05-12 04:15:28pm
========================== Userpemissionloaded 
Insertion End Date And time is: 2021-05-12 04:15:28pm


Insertion Starting Date And time is: 2021-05-12 05:12:51pm
========================== Userpemissionloaded 
Insertion End Date And time is: 2021-05-12 05:12:51pm


Insertion Starting Date And time is: 2021-05-13 12:40:34pm
========================== Userpemissionloaded 
Insertion End Date And time is: 2021-05-13 12:40:34pm


Insertion Starting Date And time is: 2021-05-13 12:45:53pm
========================== Userpemissionloaded 
Insertion End Date And time is: 2021-05-13 12:45:53pm


<<<<<<< HEAD
Insertion Starting Date And time is: 2021-05-13 01:53:05pm
========================== Userpemissionloaded 
Insertion End Date And time is: 2021-05-13 01:53:05pm


Insertion Starting Date And time is: 2021-05-13 02:23:11pm
========================== Userpemissionloaded 
Insertion End Date And time is: 2021-05-13 02:23:11pm


Insertion Starting Date And time is: 2021-05-13 02:23:25pm
========================== Userpemissionloaded 
Insertion End Date And time is: 2021-05-13 02:23:25pm


Insertion Starting Date And time is: 2021-05-13 02:25:18pm
========================== Userpemissionloaded 
Insertion End Date And time is: 2021-05-13 02:25:18pm


Insertion Starting Date And time is: 2021-05-13 02:32:40pm
========================== Userpemissionloaded 
Insertion End Date And time is: 2021-05-13 02:32:40pm


Insertion Starting Date And time is: 2021-05-13 02:32:52pm
========================== Userpemissionloaded 
Insertion End Date And time is: 2021-05-13 02:32:52pm


Insertion Starting Date And time is: 2021-05-13 02:32:57pm
========================== Userpemissionloaded 
Insertion End Date And time is: 2021-05-13 02:32:57pm


Insertion Starting Date And time is: 2021-05-13 02:33:14pm
========================== Userpemissionloaded 
Insertion End Date And time is: 2021-05-13 02:33:14pm


Insertion Starting Date And time is: 2021-05-13 02:37:29pm
========================== Userpemissionloaded 
Insertion End Date And time is: 2021-05-13 02:37:29pm


Insertion Starting Date And time is: 2021-05-13 02:47:50pm
========================== Userpemissionloaded 
Insertion End Date And time is: 2021-05-13 02:47:50pm


Insertion Starting Date And time is: 2021-05-13 03:09:23pm
========================== Userpemissionloaded 
Insertion End Date And time is: 2021-05-13 03:09:23pm


Insertion Starting Date And time is: 2021-05-13 03:30:25pm
========================== Userpemissionloaded 
Insertion End Date And time is: 2021-05-13 03:30:25pm


Insertion Starting Date And time is: 2021-05-13 04:02:56pm
========================== Userpemissionloaded 
Insertion End Date And time is: 2021-05-13 04:02:56pm
=======
Insertion Starting Date And time is: 2021-05-13 09:37:46am
========================== Userpemissionloaded 
Insertion End Date And time is: 2021-05-13 09:37:46am
>>>>>>> e67bd16158423a89b976af1369008a9e9446288a


Insertion Starting Date And time is: 2021-06-18 08:01:35am
========================== Userpemissionloaded 
Insertion End Date And time is: 2021-06-18 08:01:35am


Insertion Starting Date And time is: 2021-06-18 06:45:16pm
========================== Userpemissionloaded 
Insertion End Date And time is: 2021-06-18 06:45:16pm


Insertion Starting Date And time is: 2021-06-21 04:29:17am
========================== Userpemissionloaded 
Insertion End Date And time is: 2021-06-21 04:29:17am


Insertion Starting Date And time is: 2021-06-21 04:31:48am
========================== Userpemissionloaded 
Insertion End Date And time is: 2021-06-21 04:31:48am


Insertion Starting Date And time is: 2021-06-21 04:31:56am
========================== Userpemissionloaded 
Insertion End Date And time is: 2021-06-21 04:31:56am


Insertion Starting Date And time is: 2021-06-21 06:27:27am
========================== Userpemissionloaded 
Insertion End Date And time is: 2021-06-21 06:27:27am


Insertion Starting Date And time is: 2021-06-21 06:27:52am
========================== Userpemissionloaded 
Insertion End Date And time is: 2021-06-21 06:27:52am


Insertion Starting Date And time is: 2021-06-21 06:35:00am
========================== Userpemissionloaded 
Insertion End Date And time is: 2021-06-21 06:35:00am


Insertion Starting Date And time is: 2021-06-21 06:36:20am
========================== Userpemissionloaded 
Insertion End Date And time is: 2021-06-21 06:36:20am


Insertion Starting Date And time is: 2021-06-21 06:43:54am
========================== Userpemissionloaded 
Insertion End Date And time is: 2021-06-21 06:43:54am


Insertion Starting Date And time is: 2021-06-21 06:44:56am
========================== Userpemissionloaded 
Insertion End Date And time is: 2021-06-21 06:44:56am


Insertion Starting Date And time is: 2021-06-21 06:45:49am
========================== Userpemissionloaded 
Insertion End Date And time is: 2021-06-21 06:45:49am


Insertion Starting Date And time is: 2021-06-21 06:46:23am
========================== Userpemissionloaded 
Insertion End Date And time is: 2021-06-21 06:46:23am


Insertion Starting Date And time is: 2021-06-21 06:46:52am
========================== Userpemissionloaded 
Insertion End Date And time is: 2021-06-21 06:46:52am


Insertion Starting Date And time is: 2021-06-21 06:48:31am
========================== Userpemissionloaded 
Insertion End Date And time is: 2021-06-21 06:48:31am


Insertion Starting Date And time is: 2021-06-21 06:48:44am
========================== Userpemissionloaded 
Insertion End Date And time is: 2021-06-21 06:48:44am


Insertion Starting Date And time is: 2021-06-21 06:50:53am
========================== Userpemissionloaded 
Insertion End Date And time is: 2021-06-21 06:50:53am


Insertion Starting Date And time is: 2021-06-21 06:54:58am
========================== Userpemissionloaded 
Insertion End Date And time is: 2021-06-21 06:54:58am


Insertion Starting Date And time is: 2021-06-21 07:13:21am
========================== Userpemissionloaded 
Insertion End Date And time is: 2021-06-21 07:13:22am


Insertion Starting Date And time is: 2021-06-21 07:25:33am
========================== Userpemissionloaded 
Insertion End Date And time is: 2021-06-21 07:25:33am


Insertion Starting Date And time is: 2021-06-21 07:29:57am
========================== Userpemissionloaded 
Insertion End Date And time is: 2021-06-21 07:29:57am


Insertion Starting Date And time is: 2021-06-21 07:37:38am
========================== Userpemissionloaded 
Insertion End Date And time is: 2021-06-21 07:37:38am


Insertion Starting Date And time is: 2021-06-21 07:40:48am
========================== Userpemissionloaded 
Insertion End Date And time is: 2021-06-21 07:40:48am


Insertion Starting Date And time is: 2021-06-21 07:41:42am
========================== Userpemissionloaded 
Insertion End Date And time is: 2021-06-21 07:41:42am


Insertion Starting Date And time is: 2021-06-21 07:44:29am
========================== Userpemissionloaded 
Insertion End Date And time is: 2021-06-21 07:44:29am


Insertion Starting Date And time is: 2021-06-21 08:06:23am
========================== Userpemissionloaded 
Insertion End Date And time is: 2021-06-21 08:06:23am


Insertion Starting Date And time is: 2021-06-21 08:10:35am
========================== Userpemissionloaded 
Insertion End Date And time is: 2021-06-21 08:10:35am


Insertion Starting Date And time is: 2021-06-21 08:13:53am
========================== Userpemissionloaded 
Insertion End Date And time is: 2021-06-21 08:13:53am


Insertion Starting Date And time is: 2021-06-21 08:24:20am
========================== Userpemissionloaded 
Insertion End Date And time is: 2021-06-21 08:24:20am


Insertion Starting Date And time is: 2021-06-21 08:24:29am
========================== Userpemissionloaded 
Insertion End Date And time is: 2021-06-21 08:24:29am


Insertion Starting Date And time is: 2021-06-21 08:28:31am
========================== Userpemissionloaded 
Insertion End Date And time is: 2021-06-21 08:28:31am


Insertion Starting Date And time is: 2021-06-21 08:28:47am
========================== Userpemissionloaded 
Insertion End Date And time is: 2021-06-21 08:28:47am


Insertion Starting Date And time is: 2021-06-21 08:29:22am
========================== Userpemissionloaded 
Insertion End Date And time is: 2021-06-21 08:29:22am


Insertion Starting Date And time is: 2021-06-21 08:34:59am
========================== Userpemissionloaded 
Insertion End Date And time is: 2021-06-21 08:34:59am


Insertion Starting Date And time is: 2021-06-21 08:35:53am
========================== Userpemissionloaded 
Insertion End Date And time is: 2021-06-21 08:35:53am


Insertion Starting Date And time is: 2021-06-21 08:36:29am
========================== Userpemissionloaded 
Insertion End Date And time is: 2021-06-21 08:36:29am


Insertion Starting Date And time is: 2021-06-21 08:36:42am
========================== Userpemissionloaded 
Insertion End Date And time is: 2021-06-21 08:36:42am


Insertion Starting Date And time is: 2021-06-21 08:37:00am
========================== Userpemissionloaded 
Insertion End Date And time is: 2021-06-21 08:37:00am


Insertion Starting Date And time is: 2021-06-21 08:47:12am
========================== Userpemissionloaded 
Insertion End Date And time is: 2021-06-21 08:47:12am


Insertion Starting Date And time is: 2021-06-21 08:48:35am
========================== Userpemissionloaded 
Insertion End Date And time is: 2021-06-21 08:48:35am


Insertion Starting Date And time is: 2021-06-21 08:51:12am
========================== Userpemissionloaded 
Insertion End Date And time is: 2021-06-21 08:51:12am


Insertion Starting Date And time is: 2021-06-21 10:44:16am
========================== Userpemissionloaded 
Insertion End Date And time is: 2021-06-21 10:44:16am


Insertion Starting Date And time is: 2021-06-21 10:47:42am
========================== Userpemissionloaded 
Insertion End Date And time is: 2021-06-21 10:47:42am


Insertion Starting Date And time is: 2021-06-21 10:59:51am
========================== Userpemissionloaded 
Insertion End Date And time is: 2021-06-21 10:59:51am


Insertion Starting Date And time is: 2021-06-21 11:00:17am
========================== Userpemissionloaded 
Insertion End Date And time is: 2021-06-21 11:00:17am


Insertion Starting Date And time is: 2021-06-21 11:01:21am
========================== Userpemissionloaded 
Insertion End Date And time is: 2021-06-21 11:01:21am


Insertion Starting Date And time is: 2021-06-21 11:03:55am
========================== Userpemissionloaded 
Insertion End Date And time is: 2021-06-21 11:03:55am


Insertion Starting Date And time is: 2021-06-21 11:05:47am
========================== Userpemissionloaded 
Insertion End Date And time is: 2021-06-21 11:05:47am


Insertion Starting Date And time is: 2021-06-21 11:06:40am
========================== Userpemissionloaded 
Insertion End Date And time is: 2021-06-21 11:06:40am


Insertion Starting Date And time is: 2021-06-21 11:07:21am
========================== Userpemissionloaded 
Insertion End Date And time is: 2021-06-21 11:07:21am


Insertion Starting Date And time is: 2021-06-21 11:12:51am
========================== Userpemissionloaded 
Insertion End Date And time is: 2021-06-21 11:12:51am


Insertion Starting Date And time is: 2021-06-21 11:23:20am
========================== Userpemissionloaded 
Insertion End Date And time is: 2021-06-21 11:23:20am


Insertion Starting Date And time is: 2021-06-21 11:23:39am
========================== Userpemissionloaded 
Insertion End Date And time is: 2021-06-21 11:23:39am


Insertion Starting Date And time is: 2021-06-21 11:53:45am
========================== Userpemissionloaded 
Insertion End Date And time is: 2021-06-21 11:53:45am


Insertion Starting Date And time is: 2021-06-21 11:55:21am
========================== Userpemissionloaded 
Insertion End Date And time is: 2021-06-21 11:55:21am


Insertion Starting Date And time is: 2021-06-21 11:56:54am
========================== Userpemissionloaded 
Insertion End Date And time is: 2021-06-21 11:56:54am


Insertion Starting Date And time is: 2021-06-21 12:06:39pm
========================== Userpemissionloaded 
Insertion End Date And time is: 2021-06-21 12:06:39pm


Insertion Starting Date And time is: 2021-06-21 12:12:19pm
========================== Userpemissionloaded 
Insertion End Date And time is: 2021-06-21 12:12:19pm


Insertion Starting Date And time is: 2021-06-22 01:06:11am
========================== Userpemissionloaded 
Insertion End Date And time is: 2021-06-22 01:06:11am


Insertion Starting Date And time is: 2021-06-22 01:06:29am
========================== Userpemissionloaded 
Insertion End Date And time is: 2021-06-22 01:06:29am


Insertion Starting Date And time is: 2021-06-22 03:33:48am
========================== Userpemissionloaded 
Insertion End Date And time is: 2021-06-22 03:33:48am


Insertion Starting Date And time is: 2021-06-22 03:34:01am
========================== Userpemissionloaded 
Insertion End Date And time is: 2021-06-22 03:34:01am


Insertion Starting Date And time is: 2021-06-22 03:35:12am
========================== Userpemissionloaded 
Insertion End Date And time is: 2021-06-22 03:35:12am


Insertion Starting Date And time is: 2021-06-22 04:49:37am
========================== Userpemissionloaded 
Insertion End Date And time is: 2021-06-22 04:49:37am


Insertion Starting Date And time is: 2021-06-22 06:39:54am
========================== Userpemissionloaded 
Insertion End Date And time is: 2021-06-22 06:39:54am


Insertion Starting Date And time is: 2021-06-22 06:40:29am
========================== Userpemissionloaded 
Insertion End Date And time is: 2021-06-22 06:40:29am


Insertion Starting Date And time is: 2021-06-22 06:40:58am
========================== Userpemissionloaded 
Insertion End Date And time is: 2021-06-22 06:40:58am


Insertion Starting Date And time is: 2021-06-22 07:09:10am
========================== Userpemissionloaded 
Insertion End Date And time is: 2021-06-22 07:09:10am


Insertion Starting Date And time is: 2021-06-22 07:14:22am
========================== Userpemissionloaded 
Insertion End Date And time is: 2021-06-22 07:14:22am


Insertion Starting Date And time is: 2021-06-22 07:14:52am
========================== Userpemissionloaded 
Insertion End Date And time is: 2021-06-22 07:14:52am


Insertion Starting Date And time is: 2021-06-22 07:20:14am
========================== Userpemissionloaded 
Insertion End Date And time is: 2021-06-22 07:20:14am


Insertion Starting Date And time is: 2021-06-22 07:20:48am
========================== Userpemissionloaded 
Insertion End Date And time is: 2021-06-22 07:20:48am


Insertion Starting Date And time is: 2021-06-22 07:20:56am
========================== Userpemissionloaded 
Insertion End Date And time is: 2021-06-22 07:20:56am


Insertion Starting Date And time is: 2021-06-22 07:21:26am
========================== Userpemissionloaded 
Insertion End Date And time is: 2021-06-22 07:21:26am


Insertion Starting Date And time is: 2021-06-22 08:04:26am
========================== Userpemissionloaded 
Insertion End Date And time is: 2021-06-22 08:04:26am


Insertion Starting Date And time is: 2021-06-22 08:04:48am
========================== Userpemissionloaded 
Insertion End Date And time is: 2021-06-22 08:04:48am


Insertion Starting Date And time is: 2021-06-22 08:06:45am
========================== Userpemissionloaded 
Insertion End Date And time is: 2021-06-22 08:06:45am


Insertion Starting Date And time is: 2021-06-22 08:18:15am
========================== Userpemissionloaded 
Insertion End Date And time is: 2021-06-22 08:18:15am


Insertion Starting Date And time is: 2021-06-22 08:18:28am
========================== Userpemissionloaded 
Insertion End Date And time is: 2021-06-22 08:18:28am


Insertion Starting Date And time is: 2021-06-22 08:19:44am
========================== Userpemissionloaded 
Insertion End Date And time is: 2021-06-22 08:19:44am


Insertion Starting Date And time is: 2021-06-22 08:22:30am
========================== Userpemissionloaded 
Insertion End Date And time is: 2021-06-22 08:22:30am


Insertion Starting Date And time is: 2021-06-22 08:22:33am
========================== Userpemissionloaded 
Insertion End Date And time is: 2021-06-22 08:22:33am


Insertion Starting Date And time is: 2021-06-22 08:23:54am
========================== Userpemissionloaded 
Insertion End Date And time is: 2021-06-22 08:23:54am


Insertion Starting Date And time is: 2021-06-22 08:24:29am
========================== Userpemissionloaded 
Insertion End Date And time is: 2021-06-22 08:24:29am


Insertion Starting Date And time is: 2021-06-22 08:24:36am
========================== Userpemissionloaded 
Insertion End Date And time is: 2021-06-22 08:24:36am


Insertion Starting Date And time is: 2021-06-22 08:24:48am
========================== Userpemissionloaded 
Insertion End Date And time is: 2021-06-22 08:24:48am


Insertion Starting Date And time is: 2021-06-22 08:30:16am
========================== Userpemissionloaded 
Insertion End Date And time is: 2021-06-22 08:30:16am


Insertion Starting Date And time is: 2021-06-22 08:31:51am
========================== Userpemissionloaded 
Insertion End Date And time is: 2021-06-22 08:31:51am


Insertion Starting Date And time is: 2021-06-22 09:36:48am
========================== Userpemissionloaded 
Insertion End Date And time is: 2021-06-22 09:36:48am

